#
# A fatal error has been detected by the Java Runtime Environment:
#
#  EXCEPTION_ACCESS_VIOLATION (0xc0000005) at pc=0x00007ffdc678c8f8, pid=14508, tid=17120
#
# JRE version: OpenJDK Runtime Environment Temurin-17.0.7+7 (17.0.7+7) (build 17.0.7+7)
# Java VM: OpenJDK 64-Bit Server VM Temurin-17.0.7+7 (17.0.7+7, mixed mode, tiered, compressed oops, compressed class ptrs, parallel gc, windows-amd64)
# Problematic frame:
# V  [jvm.dll+0xc8f8]
#
# No core dump will be written. Minidumps are not enabled by default on client versions of Windows
#
# If you would like to submit a bug report, please visit:
#   https://github.com/adoptium/adoptium-support/issues
#

---------------  S U M M A R Y ------------

Command Line: --add-modules=ALL-SYSTEM --add-opens=java.base/java.util=ALL-UNNAMED --add-opens=java.base/java.lang=ALL-UNNAMED --add-opens=java.base/sun.nio.fs=ALL-UNNAMED -Declipse.application=org.eclipse.jdt.ls.core.id1 -Dosgi.bundles.defaultStartLevel=4 -Declipse.product=org.eclipse.jdt.ls.core.product -Djava.import.generatesMetadataFilesAtProjectRoot=false -Dfile.encoding=utf8 -XX:+UseParallelGC -XX:GCTimeRatio=4 -XX:AdaptiveSizePolicyWeight=90 -Dsun.zip.disableMemoryMapping=true -Xmx1G -Xms100m -Xlog:disable -javaagent:c:\Users\sasum\.vscode\extensions\redhat.java-1.21.0-win32-x64\lombok\lombok-1.18.28.jar -XX:+HeapDumpOnOutOfMemoryError -XX:HeapDumpPath=c:\Users\sasum\AppData\Roaming\Code\User\workspaceStorage\4b2cd99fd2231ba19e21ee1c48f3bde1\redhat.java -Daether.dependencyCollector.impl=bf c:\Users\sasum\.vscode\extensions\redhat.java-1.21.0-win32-x64\server\plugins\org.eclipse.equinox.launcher_1.6.500.v20230717-2134.jar -configuration c:\Users\sasum\AppData\Roaming\Code\User\globalStorage\redhat.java\1.21.0\config_win -data c:\Users\sasum\AppData\Roaming\Code\User\workspaceStorage\4b2cd99fd2231ba19e21ee1c48f3bde1\redhat.java\jdt_ws

Host: AMD Ryzen 5 4500U with Radeon Graphics         , 6 cores, 7G,  Windows 11 , 64 bit Build 22621 (10.0.22621.1928)
Time: Thu Aug 10 17:04:56 2023 India Standard Time elapsed time: 2910.592850 seconds (0d 0h 48m 30s)

---------------  T H R E A D  ---------------

Current thread (0x000002711a0e6e40):  GCTaskThread "GC Thread#3" [stack: 0x000000d225100000,0x000000d225200000] [id=17120]

Stack: [0x000000d225100000,0x000000d225200000],  sp=0x000000d2251ffbb8,  free space=1022k
Native frames: (J=compiled Java code, j=interpreted, Vv=VM code, C=native code)
V  [jvm.dll+0xc8f8]


siginfo: EXCEPTION_ACCESS_VIOLATION (0xc0000005), reading address 0x0000000000000008


Register to memory mapping:

RIP=0x00007ffdc678c8f8 jvm.dll
RAX=0x0000000000000001 is an unknown value
RBX=0x0000000002000040 is an unknown value
RCX=0x0000000000000003 is an unknown value
RDX=0x00000000ead6f058 points into unknown readable memory: 0x0000000002000040 | 40 00 00 02 00 00 00 00
RSP=0x000000d2251ffbb8 points into unknown readable memory: 0x00007ffdc6e342e6 | e6 42 e3 c6 fd 7f 00 00
RBP=0x000000d2251ffc38 points into unknown readable memory: 0x000000000000000c | 0c 00 00 00 00 00 00 00
RSI=0x00000000eaf80954 points into unknown readable memory: 58 f0 d6 ea
RDI=0x000002717e99cb80 points into unknown readable memory: 0x00007ffdc7130578 | 78 05 13 c7 fd 7f 00 00
R8 =0x0 is NULL
R9 =0x000000000000000c is an unknown value
R10=0x0 is NULL
R11=0x000002717e99cb80 points into unknown readable memory: 0x00007ffdc7130578 | 78 05 13 c7 fd 7f 00 00
R12=0x0 is NULL
R13=0x0000000000000010 is an unknown value
R14=0x00000000ead6f058 points into unknown readable memory: 0x0000000002000040 | 40 00 00 02 00 00 00 00
R15=0x000002717e99cb80 points into unknown readable memory: 0x00007ffdc7130578 | 78 05 13 c7 fd 7f 00 00


Registers:
RAX=0x0000000000000001, RBX=0x0000000002000040, RCX=0x0000000000000003, RDX=0x00000000ead6f058
RSP=0x000000d2251ffbb8, RBP=0x000000d2251ffc38, RSI=0x00000000eaf80954, RDI=0x000002717e99cb80
R8 =0x0000000000000000, R9 =0x000000000000000c, R10=0x0000000000000000, R11=0x000002717e99cb80
R12=0x0000000000000000, R13=0x0000000000000010, R14=0x00000000ead6f058, R15=0x000002717e99cb80
RIP=0x00007ffdc678c8f8, EFLAGS=0x0000000000010246

Top of Stack: (sp=0x000000d2251ffbb8)
0x000000d2251ffbb8:   00007ffdc6e342e6 0000000000000001
0x000000d2251ffbc8:   00000000eaf10ae0 000000d2251ffc88
0x000000d2251ffbd8:   0000000000000000 00007ffdc712f770
0x000000d2251ffbe8:   000002717e7240e0 000002717e99cb80
0x000000d2251ffbf8:   0000000000000400 00000000eaf7c010
0x000000d2251ffc08:   0000000000001000 0000027125f60f40
0x000000d2251ffc18:   00007ffdc6f60001 0000000000000009
0x000000d2251ffc28:   0000000000001000 0000000000000010
0x000000d2251ffc38:   000000000000000c 0000000000000038
0x000000d2251ffc48:   0000000000000000 00000000eaf80954
0x000000d2251ffc58:   0000000002000040 0000000000000000
0x000000d2251ffc68:   00007ffdc6e351e0 000002717e99cb80
0x000000d2251ffc78:   00000271244c0fe8 0000000002000040
0x000000d2251ffc88:   000000d2240ff428 0000000000000004
0x000000d2251ffc98:   0000000000000005 00000000c0000000
0x000000d2251ffca8:   000000d2240ff428 0000000000000004 

Instructions: (pc=0x00007ffdc678c8f8)
0x00007ffdc678c7f8:   48 83 c4 20 5e c3 cc cc 48 8b 01 c3 cc cc cc cc
0x00007ffdc678c808:   cc cc cc cc cc cc cc cc 4c 8b 01 4c 8b c9 48 8b
0x00007ffdc678c818:   0d f3 e4 b4 00 ba 44 60 08 00 e9 59 f2 ff ff cc
0x00007ffdc678c828:   cc cc cc cc cc cc cc cc 48 89 5c 24 08 57 48 83
0x00007ffdc678c838:   ec 20 48 8b 39 48 8b d9 48 85 3d 71 c6 b9 00 75
0x00007ffdc678c848:   0e 48 8b c7 48 8b 5c 24 30 48 83 c4 20 5f c3 48
0x00007ffdc678c858:   8b cf e8 81 87 85 00 48 8b d0 48 85 c0 74 20 48
0x00007ffdc678c868:   8b c7 f0 48 0f b1 13 74 16 48 85 05 40 c6 b9 00
0x00007ffdc678c878:   74 0d 48 8b c8 f0 48 0f b1 13 48 3b c1 75 ea 48
0x00007ffdc678c888:   8b 5c 24 30 48 8b c2 48 83 c4 20 5f c3 cc cc cc
0x00007ffdc678c898:   cc cc cc cc cc cc cc cc 4c 8b 01 4c 8b c9 48 8b
0x00007ffdc678c8a8:   0d 63 e4 b4 00 ba 64 60 08 00 e9 c9 f1 ff ff cc
0x00007ffdc678c8b8:   cc cc cc cc cc cc cc cc 8b 05 32 2a af 00 c3 cc
0x00007ffdc678c8c8:   cc cc cc cc cc cc cc cc 0f b6 05 b8 ec b5 00 48
0x00007ffdc678c8d8:   8b d1 84 c0 74 16 44 8b 41 08 8b 0d 10 2a af 00
0x00007ffdc678c8e8:   49 d3 e0 4c 03 05 fe 29 af 00 eb 04 4c 8b 41 08
0x00007ffdc678c8f8:   45 8b 50 08 45 85 d2 7e 0e 41 f6 c2 01 75 53 41
0x00007ffdc678c908:   c1 fa 03 41 8b c2 c3 79 49 84 c0 b9 10 00 00 00
0x00007ffdc678c918:   8b 05 16 39 af 00 41 b8 0c 00 00 00 41 0f 45 c8
0x00007ffdc678c928:   ff c8 4c 63 c8 48 63 14 11 41 8b ca 83 e1 3f 48
0x00007ffdc678c938:   d3 e2 41 8b ca 48 c1 f9 10 0f b6 c1 49 8d 0c 11
0x00007ffdc678c948:   49 f7 d1 48 03 c1 49 c1 e9 03 48 c1 e8 03 41 23
0x00007ffdc678c958:   c1 c3 49 8b 00 49 8b c8 48 ff a0 00 01 00 00 cc
0x00007ffdc678c968:   cc cc cc cc cc cc cc cc 8b 44 24 30 45 03 c9 44
0x00007ffdc678c978:   2b 4c 24 28 83 c0 0b 44 03 ca 45 03 c8 41 03 c1
0x00007ffdc678c988:   c3 cc cc cc cc cc cc cc 4c 8b ca 48 8b d1 45 8b
0x00007ffdc678c998:   41 08 45 85 c0 7e 0e 41 f6 c0 01 75 56 41 c1 f8
0x00007ffdc678c9a8:   03 41 8b c0 c3 79 4c 80 3d d9 eb b5 00 00 b8 0c
0x00007ffdc678c9b8:   00 00 00 b9 10 00 00 00 0f 45 c8 8b 05 6b 38 af
0x00007ffdc678c9c8:   00 ff c8 4c 63 c8 48 63 14 11 41 8b c8 83 e1 3f
0x00007ffdc678c9d8:   48 d3 e2 41 8b c8 48 c1 f9 10 0f b6 c1 49 8d 0c
0x00007ffdc678c9e8:   11 49 f7 d1 48 03 c1 49 c1 e9 03 48 c1 e8 03 41 


Stack slot to memory mapping:
stack at sp + 0 slots: 0x00007ffdc6e342e6 jvm.dll
stack at sp + 1 slots: 0x0000000000000001 is an unknown value
stack at sp + 2 slots: 0x00000000eaf10ae0 is an oop: org.eclipse.jdt.core.dom.CompilationUnit 
{0x00000000eaf10ae0} - klass: 'org/eclipse/jdt/core/dom/CompilationUnit'
 - ---- fields (total size 12 words):
 - private 'startPosition' 'I' @12  0
 - private 'length' 'I' @16  861 (35d)
 - 'typeAndFlags' 'I' @20  983046 (f0006)
 - public transient '$isGenerated' 'Z' @24  false
 - final 'ast' 'Lorg/eclipse/jdt/core/dom/AST;' @28  a 'org/eclipse/jdt/core/dom/AST'{0x00000000eaf10b40} (eaf10b40)
 - private 'parent' 'Lorg/eclipse/jdt/core/dom/ASTNode;' @32  NULL (0)
 - private 'property1' 'Ljava/lang/Object;' @36  "malformed"{0x00000000c20f3da8} (c20f3da8)
 - private 'property2' 'Ljava/lang/Object;' @40  a 'java/lang/Boolean'{0x00000000c0001468} = false (c0001468)
 - private 'location' 'Lorg/eclipse/jdt/core/dom/StructuralPropertyDescriptor;' @44  NULL (0)
 - private 'commentMapper' 'Lorg/eclipse/jdt/core/dom/DefaultCommentMapper;' @48  a 'org/eclipse/jdt/core/dom/DefaultCommentMapper'{0x00000000eaf087e0} (eaf087e0)
 - private 'typeRoot' 'Lorg/eclipse/jdt/core/ITypeRoot;' @52  a 'org/eclipse/jdt/internal/core/CompilationUnit'{0x00000000eaf08700} (eaf08700)
 - private 'imports' 'Lorg/eclipse/jdt/core/dom/ASTNode$NodeList;' @56  a 'org/eclipse/jdt/core/dom/ASTNode$NodeList'{0x00000000eaf28bf0} (eaf28bf0)
 - private 'lineEndTable' '[I' @60  [I{0x00000000eaf28b40} (eaf28b40)
 - private 'messages' '[Lorg/eclipse/jdt/core/dom/Message;' @64  NULL (0)
 - private 'optionalCommentList' 'Ljava/util/List;' @68  a 'java/util/Collections$UnmodifiableRandomAccessList'{0x00000000eaf28b10} (eaf28b10)
 - 'optionalCommentTable' '[Lorg/eclipse/jdt/core/dom/Comment;' @72  a 'org/eclipse/jdt/core/dom/Comment'[0] {0x00000000eaf28b00} (eaf28b00)
 - private 'optionalPackageDeclaration' 'Lorg/eclipse/jdt/core/dom/PackageDeclaration;' @76  NULL (0)
 - private 'module' 'Lorg/eclipse/jdt/core/dom/ModuleDeclaration;' @80  NULL (0)
 - private 'problems' '[Lorg/eclipse/jdt/core/compiler/IProblem;' @84  a 'org/eclipse/jdt/core/compiler/CategorizedProblem'[1] {0x00000000eaf28960} (eaf28960)
 - private 'statementsRecoveryData' 'Ljava/lang/Object;' @88  a 'org/eclipse/jdt/internal/compiler/parser/RecoveryScannerData'{0x00000000eaf28870} (eaf28870)
 - private 'types' 'Lorg/eclipse/jdt/core/dom/ASTNode$NodeList;' @92  a 'org/eclipse/jdt/core/dom/ASTNode$NodeList'{0x00000000eaf28820} (eaf28820)
stack at sp + 3 slots: 0x000000d2251ffc88 points into unknown readable memory: 0x000000d2240ff428 | 28 f4 0f 24 d2 00 00 00
stack at sp + 4 slots: 0x0 is NULL
stack at sp + 5 slots: 0x00007ffdc712f770 jvm.dll
stack at sp + 6 slots: 0x000002717e7240e0 points into unknown readable memory: 0x00007ffdc71312e0 | e0 12 13 c7 fd 7f 00 00
stack at sp + 7 slots: 0x000002717e99cb80 points into unknown readable memory: 0x00007ffdc7130578 | 78 05 13 c7 fd 7f 00 00


---------------  P R O C E S S  ---------------

Threads class SMR info:
_java_thread_list=0x00000271279101e0, length=31, elements={
0x000002717e70cea0, 0x000002717e7cab50, 0x000002717e7cc330, 0x000002717e9c3770,
0x000002717e9c4230, 0x000002717e9c6df0, 0x000002717e9c78a0, 0x0000027119368a50,
0x000002717e9cb450, 0x000002717e9ce8b0, 0x000002717e76d7f0, 0x0000027119697aa0,
0x0000027119da07a0, 0x000002711a12a850, 0x0000027119cea310, 0x0000027119cf0160,
0x000002711a34d500, 0x000002711a3c5880, 0x000002711a3c6bc0, 0x000002711a3c5d50,
0x000002711a3c7090, 0x000002711a3c4070, 0x000002711c1f15b0, 0x000002711c1eb0a0,
0x000002711c1eea60, 0x000002711c1ea700, 0x000002711c1e9d60, 0x000002711c1ef8d0,
0x0000027125f60f40, 0x0000027125f61db0, 0x0000027125f65770
}

Java Threads: ( => current thread )
  0x000002717e70cea0 JavaThread "main" [_thread_blocked, id=6380, stack(0x000000d223e00000,0x000000d223f00000)]
  0x000002717e7cab50 JavaThread "Reference Handler" daemon [_thread_blocked, id=6216, stack(0x000000d224100000,0x000000d224200000)]
  0x000002717e7cc330 JavaThread "Finalizer" daemon [_thread_blocked, id=6520, stack(0x000000d224200000,0x000000d224300000)]
  0x000002717e9c3770 JavaThread "Signal Dispatcher" daemon [_thread_blocked, id=8076, stack(0x000000d224400000,0x000000d224500000)]
  0x000002717e9c4230 JavaThread "Attach Listener" daemon [_thread_blocked, id=3720, stack(0x000000d224500000,0x000000d224600000)]
  0x000002717e9c6df0 JavaThread "Service Thread" daemon [_thread_blocked, id=3672, stack(0x000000d224600000,0x000000d224700000)]
  0x000002717e9c78a0 JavaThread "Monitor Deflation Thread" daemon [_thread_blocked, id=3648, stack(0x000000d224700000,0x000000d224800000)]
  0x0000027119368a50 JavaThread "C2 CompilerThread0" daemon [_thread_blocked, id=1716, stack(0x000000d224800000,0x000000d224900000)]
  0x000002717e9cb450 JavaThread "C1 CompilerThread0" daemon [_thread_blocked, id=3736, stack(0x000000d224900000,0x000000d224a00000)]
  0x000002717e9ce8b0 JavaThread "Sweeper thread" daemon [_thread_blocked, id=3716, stack(0x000000d224a00000,0x000000d224b00000)]
  0x000002717e76d7f0 JavaThread "Common-Cleaner" daemon [_thread_blocked, id=3528, stack(0x000000d224b00000,0x000000d224c00000)]
  0x0000027119697aa0 JavaThread "Notification Thread" daemon [_thread_blocked, id=17320, stack(0x000000d224c00000,0x000000d224d00000)]
  0x0000027119da07a0 JavaThread "Active Thread: Equinox Container: 3f337356-66cb-4674-bf77-6839600a7be3" [_thread_blocked, id=4540, stack(0x000000d225400000,0x000000d225500000)]
  0x000002711a12a850 JavaThread "Framework Event Dispatcher: Equinox Container: 3f337356-66cb-4674-bf77-6839600a7be3" daemon [_thread_blocked, id=17092, stack(0x000000d224e00000,0x000000d224f00000)]
  0x0000027119cea310 JavaThread "Start Level: Equinox Container: 3f337356-66cb-4674-bf77-6839600a7be3" daemon [_thread_blocked, id=3028, stack(0x000000d225500000,0x000000d225600000)]
  0x0000027119cf0160 JavaThread "SCR Component Actor" daemon [_thread_blocked, id=4144, stack(0x000000d225600000,0x000000d225700000)]
  0x000002711a34d500 JavaThread "Worker-JM" [_thread_blocked, id=4112, stack(0x000000d225800000,0x000000d225900000)]
  0x000002711a3c5880 JavaThread "Java indexing" daemon [_thread_blocked, id=3928, stack(0x000000d225d00000,0x000000d225e00000)]
  0x000002711a3c6bc0 JavaThread "JNA Cleaner" daemon [_thread_blocked, id=8088, stack(0x000000d225f00000,0x000000d226000000)]
  0x000002711a3c5d50 JavaThread "pool-2-thread-1" [_thread_blocked, id=5008, stack(0x000000d226000000,0x000000d226100000)]
  0x000002711a3c7090 JavaThread "WorkspaceEventsHandler" [_thread_blocked, id=4688, stack(0x000000d226100000,0x000000d226200000)]
  0x000002711a3c4070 JavaThread "pool-1-thread-1" [_thread_blocked, id=9188, stack(0x000000d226200000,0x000000d226300000)]
  0x000002711c1f15b0 JavaThread "Bundle File Closer" daemon [_thread_blocked, id=17224, stack(0x000000d226800000,0x000000d226900000)]
  0x000002711c1eb0a0 JavaThread "ForkJoinPool.commonPool-worker-10" daemon [_thread_blocked, id=8412, stack(0x000000d223d00000,0x000000d223e00000)]
  0x000002711c1eea60 JavaThread "ForkJoinPool.commonPool-worker-11" daemon [_thread_blocked, id=17536, stack(0x000000d224300000,0x000000d224400000)]
  0x000002711c1ea700 JavaThread "Worker-5" [_thread_blocked, id=13380, stack(0x000000d225e00000,0x000000d225f00000)]
  0x000002711c1e9d60 JavaThread "ForkJoinPool.commonPool-worker-15" daemon [_thread_blocked, id=17020, stack(0x000000d225700000,0x000000d225800000)]
  0x000002711c1ef8d0 JavaThread "ForkJoinPool.commonPool-worker-16" daemon [_thread_blocked, id=7260, stack(0x000000d225c00000,0x000000d225d00000)]
  0x0000027125f60f40 JavaThread "Worker-8" [_thread_blocked, id=13676, stack(0x000000d225a00000,0x000000d225b00000)]
  0x0000027125f61db0 JavaThread "ForkJoinPool.commonPool-worker-17" daemon [_thread_blocked, id=18360, stack(0x000000d223c00000,0x000000d223d00000)]
  0x0000027125f65770 JavaThread "Worker-9" [_thread_blocked, id=18192, stack(0x000000d225b00000,0x000000d225c00000)]

Other Threads:
  0x000002717e99ec70 VMThread "VM Thread" [stack: 0x000000d224000000,0x000000d224100000] [id=6516]
  0x00000271196ac720 WatcherThread [stack: 0x000000d224d00000,0x000000d224e00000] [id=16524]
  0x000002717e7212c0 GCTaskThread "GC Thread#0" [stack: 0x000000d223f00000,0x000000d224000000] [id=2344]
  0x000002711a0e0370 GCTaskThread "GC Thread#1" [stack: 0x000000d224f00000,0x000000d225000000] [id=14600]
  0x000002711a0e42a0 GCTaskThread "GC Thread#2" [stack: 0x000000d225000000,0x000000d225100000] [id=600]
=>0x000002711a0e6e40 GCTaskThread "GC Thread#3" [stack: 0x000000d225100000,0x000000d225200000] [id=17120]
  0x000002711a0eb100 GCTaskThread "GC Thread#4" [stack: 0x000000d225200000,0x000000d225300000] [id=17096]
  0x000002711a0eb3b0 GCTaskThread "GC Thread#5" [stack: 0x000000d225300000,0x000000d225400000] [id=17032]

Threads with active compile tasks:

VM state: at safepoint (normal execution)

VM Mutex/Monitor currently owned by a thread:  ([mutex/lock_event])
[0x000002717e7082f0] Threads_lock - owner thread: 0x000002717e99ec70
[0x000002717e709220] Heap_lock - owner thread: 0x000002711c1ef8d0

Heap address: 0x00000000c0000000, size: 1024 MB, Compressed Oops mode: 32-bit

CDS archive(s) not mapped
Compressed class space mapped at: 0x0000000100000000-0x0000000140000000, reserved size: 1073741824
Narrow klass base: 0x0000000000000000, Narrow klass shift: 3, Narrow klass range: 0x140000000

GC Precious Log:
 CPUs: 6 total, 6 available
 Memory: 7579M
 Large Page Support: Disabled
 NUMA Support: Disabled
 Compressed Oops: Enabled (32-bit)
 Alignments: Space 512K, Generation 512K, Heap 2M
 Heap Min Capacity: 100M
 Heap Initial Capacity: 100M
 Heap Max Capacity: 1G
 Pre-touch: Disabled
 Parallel Workers: 6

Heap:
 PSYoungGen      total 4096K, used 3728K [0x00000000eab00000, 0x00000000eb100000, 0x0000000100000000)
  eden space 3072K, 100% used [0x00000000eab00000,0x00000000eae00000,0x00000000eae00000)
  from space 1024K, 64% used [0x00000000eb000000,0x00000000eb0a4010,0x00000000eb100000)
  to   space 1024K, 73% used [0x00000000eaf00000,0x00000000eafbc010,0x00000000eb000000)
 ParOldGen       total 230912K, used 230767K [0x00000000c0000000, 0x00000000ce180000, 0x00000000eab00000)
  object space 230912K, 99% used [0x00000000c0000000,0x00000000ce15bef0,0x00000000ce180000)
 Metaspace       used 83449K, committed 84608K, reserved 1179648K
  class space    used 8603K, committed 9088K, reserved 1048576K

Card table byte_map: [0x000002717e0b0000,0x000002717e2c0000] _byte_map_base: 0x000002717dab0000

Marking Bits: (ParMarkBitMap*) 0x00007ffdc73052c0
 Begin Bits: [0x0000027111bc0000, 0x0000027112bc0000)
 End Bits:   [0x0000027112bc0000, 0x0000027113bc0000)

Polling page: 0x000002717c640000

Metaspace:

Usage:
  Non-class:     73.09 MB used.
      Class:      8.40 MB used.
       Both:     81.49 MB used.

Virtual space:
  Non-class space:      128.00 MB reserved,      73.75 MB ( 58%) committed,  2 nodes.
      Class space:        1.00 GB reserved,       8.88 MB ( <1%) committed,  1 nodes.
             Both:        1.12 GB reserved,      82.62 MB (  7%) committed. 

Chunk freelists:
   Non-Class:  5.49 MB
       Class:  7.09 MB
        Both:  12.59 MB

MaxMetaspaceSize: unlimited
CompressedClassSpaceSize: 1.00 GB
Initial GC threshold: 21.00 MB
Current GC threshold: 136.25 MB
CDS: off
MetaspaceReclaimPolicy: balanced
 - commit_granule_bytes: 65536.
 - commit_granule_words: 8192.
 - virtual_space_node_default_size: 8388608.
 - enlarge_chunks_in_place: 1.
 - new_chunks_are_fully_committed: 0.
 - uncommit_free_chunks: 1.
 - use_allocation_guard: 0.
 - handle_deallocations: 1.


Internal statistics:

num_allocs_failed_limit: 9.
num_arena_births: 864.
num_arena_deaths: 138.
num_vsnodes_births: 3.
num_vsnodes_deaths: 0.
num_space_committed: 1322.
num_space_uncommitted: 0.
num_chunks_returned_to_freelist: 164.
num_chunks_taken_from_freelist: 4500.
num_chunk_merges: 54.
num_chunk_splits: 2621.
num_chunks_enlarged: 1321.
num_inconsistent_stats: 0.

CodeHeap 'non-profiled nmethods': size=120000Kb used=12449Kb max_used=12449Kb free=107550Kb
 bounds [0x000002710a690000, 0x000002710b2c0000, 0x0000027111bc0000]
CodeHeap 'profiled nmethods': size=120000Kb used=28937Kb max_used=29039Kb free=91062Kb
 bounds [0x0000027102bc0000, 0x0000027104830000, 0x000002710a0f0000]
CodeHeap 'non-nmethods': size=5760Kb used=1429Kb max_used=1529Kb free=4331Kb
 bounds [0x000002710a0f0000, 0x000002710a360000, 0x000002710a690000]
 total_blobs=13588 nmethods=12817 adapters=681
 compilation: enabled
              stopped_count=0, restarted_count=0
 full_count=0

Compilation events (20 events):
Event: 2910.211 Thread 0x000002717e9cb450 16843       1       org.eclipse.jface.text.DocumentEvent::getModificationStamp (5 bytes)
Event: 2910.211 Thread 0x000002717e9cb450 nmethod 16843 0x000002710b2b2f90 code [0x000002710b2b3120, 0x000002710b2b31f8]
Event: 2910.247 Thread 0x000002717e9cb450 16844       3       org.eclipse.jdt.internal.core.CompilationUnit::createElementInfo (8 bytes)
Event: 2910.248 Thread 0x000002717e9cb450 nmethod 16844 0x0000027104535f90 code [0x0000027104536140, 0x0000027104536458]
Event: 2910.248 Thread 0x000002717e9cb450 16845   !   3       org.eclipse.jdt.internal.core.CompilationUnit::buildStructure (623 bytes)
Event: 2910.251 Thread 0x000002717e9cb450 nmethod 16845 0x000002710452f390 code [0x000002710452f9c0, 0x0000027104533e48]
Event: 2910.340 Thread 0x000002717e9cb450 16846       3       jdk.internal.reflect.AccessorGenerator::getClassName (197 bytes)
Event: 2910.341 Thread 0x000002717e9cb450 nmethod 16846 0x000002710452d510 code [0x000002710452d920, 0x000002710452ee08]
Event: 2910.341 Thread 0x0000027119368a50 16847       4       org.eclipse.jdt.internal.compiler.env.IUpdatableModule$UpdateKind::values (22 bytes)
Event: 2910.342 Thread 0x0000027119368a50 nmethod 16847 0x000002710b2b3290 code [0x000002710b2b3420, 0x000002710b2b3518]
Event: 2910.343 Thread 0x0000027119368a50 16848       4       org.eclipse.jdt.internal.compiler.lookup.PlainPackageBinding::<init> (14 bytes)
Event: 2910.345 Thread 0x0000027119368a50 nmethod 16848 0x000002710b2b3610 code [0x000002710b2b37c0, 0x000002710b2b3b58]
Event: 2910.345 Thread 0x0000027119368a50 16850       4       org.eclipse.jdt.internal.compiler.lookup.TypeBinding::original (53 bytes)
Event: 2910.346 Thread 0x0000027119368a50 nmethod 16850 0x000002710b2b3e10 code [0x000002710b2b3fc0, 0x000002710b2b4248]
Event: 2910.346 Thread 0x0000027119368a50 16849       4       org.eclipse.jdt.internal.compiler.lookup.BinaryTypeBinding::getMethods (237 bytes)
Event: 2910.369 Thread 0x0000027119368a50 nmethod 16849 0x000002710b2b4510 code [0x000002710b2b4780, 0x000002710b2b6400]
Event: 2910.468 Thread 0x000002717e9cb450 16851       3       org.eclipse.jdt.internal.corext.util.JavaModelUtil::getSourceCompliance (24 bytes)
Event: 2910.468 Thread 0x000002717e9cb450 nmethod 16851 0x000002710452ce10 code [0x000002710452cfe0, 0x000002710452d338]
Event: 2910.468 Thread 0x0000027119368a50 16852       4       org.eclipse.jdt.internal.core.JavaElement::getChildrenOfType (62 bytes)
Event: 2910.474 Thread 0x0000027119368a50 nmethod 16852 0x000002710b2b7610 code [0x000002710b2b77c0, 0x000002710b2b8018]

GC Heap History (20 events):
Event: 2853.422 GC heap after
{Heap after GC invocations=623 (full 17):
 PSYoungGen      total 3584K, used 672K [0x00000000eab00000, 0x00000000eaf80000, 0x0000000100000000)
  eden space 2048K, 0% used [0x00000000eab00000,0x00000000eab00000,0x00000000ead00000)
  from space 1536K, 43% used [0x00000000ead00000,0x00000000eada8000,0x00000000eae80000)
  to   space 1024K, 0% used [0x00000000eae80000,0x00000000eae80000,0x00000000eaf80000)
 ParOldGen       total 230912K, used 225891K [0x00000000c0000000, 0x00000000ce180000, 0x00000000eab00000)
  object space 230912K, 97% used [0x00000000c0000000,0x00000000cdc98c70,0x00000000ce180000)
 Metaspace       used 83383K, committed 84544K, reserved 1179648K
  class space    used 8602K, committed 9088K, reserved 1048576K
}
Event: 2853.749 GC heap before
{Heap before GC invocations=624 (full 17):
 PSYoungGen      total 3584K, used 2720K [0x00000000eab00000, 0x00000000eaf80000, 0x0000000100000000)
  eden space 2048K, 100% used [0x00000000eab00000,0x00000000ead00000,0x00000000ead00000)
  from space 1536K, 43% used [0x00000000ead00000,0x00000000eada8000,0x00000000eae80000)
  to   space 1024K, 0% used [0x00000000eae80000,0x00000000eae80000,0x00000000eaf80000)
 ParOldGen       total 230912K, used 225891K [0x00000000c0000000, 0x00000000ce180000, 0x00000000eab00000)
  object space 230912K, 97% used [0x00000000c0000000,0x00000000cdc98c70,0x00000000ce180000)
 Metaspace       used 83383K, committed 84544K, reserved 1179648K
  class space    used 8602K, committed 9088K, reserved 1048576K
}
Event: 2853.751 GC heap after
{Heap after GC invocations=624 (full 17):
 PSYoungGen      total 3072K, used 224K [0x00000000eab00000, 0x00000000eaf00000, 0x0000000100000000)
  eden space 2560K, 0% used [0x00000000eab00000,0x00000000eab00000,0x00000000ead80000)
  from space 512K, 43% used [0x00000000eae80000,0x00000000eaeb8000,0x00000000eaf00000)
  to   space 512K, 0% used [0x00000000eae00000,0x00000000eae00000,0x00000000eae80000)
 ParOldGen       total 230912K, used 226483K [0x00000000c0000000, 0x00000000ce180000, 0x00000000eab00000)
  object space 230912K, 98% used [0x00000000c0000000,0x00000000cdd2cc90,0x00000000ce180000)
 Metaspace       used 83383K, committed 84544K, reserved 1179648K
  class space    used 8602K, committed 9088K, reserved 1048576K
}
Event: 2908.147 GC heap before
{Heap before GC invocations=625 (full 17):
 PSYoungGen      total 3072K, used 2784K [0x00000000eab00000, 0x00000000eaf00000, 0x0000000100000000)
  eden space 2560K, 100% used [0x00000000eab00000,0x00000000ead80000,0x00000000ead80000)
  from space 512K, 43% used [0x00000000eae80000,0x00000000eaeb8000,0x00000000eaf00000)
  to   space 512K, 0% used [0x00000000eae00000,0x00000000eae00000,0x00000000eae80000)
 ParOldGen       total 230912K, used 226483K [0x00000000c0000000, 0x00000000ce180000, 0x00000000eab00000)
  object space 230912K, 98% used [0x00000000c0000000,0x00000000cdd2cc90,0x00000000ce180000)
 Metaspace       used 83396K, committed 84544K, reserved 1179648K
  class space    used 8602K, committed 9088K, reserved 1048576K
}
Event: 2908.148 GC heap after
{Heap after GC invocations=625 (full 17):
 PSYoungGen      total 3584K, used 480K [0x00000000eab00000, 0x00000000eb000000, 0x0000000100000000)
  eden space 3072K, 0% used [0x00000000eab00000,0x00000000eab00000,0x00000000eae00000)
  from space 512K, 93% used [0x00000000eae00000,0x00000000eae78000,0x00000000eae80000)
  to   space 1024K, 0% used [0x00000000eaf00000,0x00000000eaf00000,0x00000000eb000000)
 ParOldGen       total 230912K, used 226603K [0x00000000c0000000, 0x00000000ce180000, 0x00000000eab00000)
  object space 230912K, 98% used [0x00000000c0000000,0x00000000cdd4ac90,0x00000000ce180000)
 Metaspace       used 83396K, committed 84544K, reserved 1179648K
  class space    used 8602K, committed 9088K, reserved 1048576K
}
Event: 2908.971 GC heap before
{Heap before GC invocations=626 (full 17):
 PSYoungGen      total 3584K, used 3552K [0x00000000eab00000, 0x00000000eb000000, 0x0000000100000000)
  eden space 3072K, 100% used [0x00000000eab00000,0x00000000eae00000,0x00000000eae00000)
  from space 512K, 93% used [0x00000000eae00000,0x00000000eae78000,0x00000000eae80000)
  to   space 1024K, 0% used [0x00000000eaf00000,0x00000000eaf00000,0x00000000eb000000)
 ParOldGen       total 230912K, used 226603K [0x00000000c0000000, 0x00000000ce180000, 0x00000000eab00000)
  object space 230912K, 98% used [0x00000000c0000000,0x00000000cdd4ac90,0x00000000ce180000)
 Metaspace       used 83396K, committed 84544K, reserved 1179648K
  class space    used 8602K, committed 9088K, reserved 1048576K
}
Event: 2908.973 GC heap after
{Heap after GC invocations=626 (full 17):
 PSYoungGen      total 4096K, used 800K [0x00000000eab00000, 0x00000000eb000000, 0x0000000100000000)
  eden space 3072K, 0% used [0x00000000eab00000,0x00000000eab00000,0x00000000eae00000)
  from space 1024K, 78% used [0x00000000eaf00000,0x00000000eafc8000,0x00000000eb000000)
  to   space 1024K, 0% used [0x00000000eae00000,0x00000000eae00000,0x00000000eaf00000)
 ParOldGen       total 230912K, used 227008K [0x00000000c0000000, 0x00000000ce180000, 0x00000000eab00000)
  object space 230912K, 98% used [0x00000000c0000000,0x00000000cddb0130,0x00000000ce180000)
 Metaspace       used 83396K, committed 84544K, reserved 1179648K
  class space    used 8602K, committed 9088K, reserved 1048576K
}
Event: 2909.262 GC heap before
{Heap before GC invocations=627 (full 17):
 PSYoungGen      total 4096K, used 3872K [0x00000000eab00000, 0x00000000eb000000, 0x0000000100000000)
  eden space 3072K, 100% used [0x00000000eab00000,0x00000000eae00000,0x00000000eae00000)
  from space 1024K, 78% used [0x00000000eaf00000,0x00000000eafc8000,0x00000000eb000000)
  to   space 1024K, 0% used [0x00000000eae00000,0x00000000eae00000,0x00000000eaf00000)
 ParOldGen       total 230912K, used 227008K [0x00000000c0000000, 0x00000000ce180000, 0x00000000eab00000)
  object space 230912K, 98% used [0x00000000c0000000,0x00000000cddb0130,0x00000000ce180000)
 Metaspace       used 83397K, committed 84544K, reserved 1179648K
  class space    used 8602K, committed 9088K, reserved 1048576K
}
Event: 2909.263 GC heap after
{Heap after GC invocations=627 (full 17):
 PSYoungGen      total 4096K, used 288K [0x00000000eab00000, 0x00000000eaf80000, 0x0000000100000000)
  eden space 3072K, 0% used [0x00000000eab00000,0x00000000eab00000,0x00000000eae00000)
  from space 1024K, 28% used [0x00000000eae00000,0x00000000eae48000,0x00000000eaf00000)
  to   space 512K, 0% used [0x00000000eaf00000,0x00000000eaf00000,0x00000000eaf80000)
 ParOldGen       total 230912K, used 227693K [0x00000000c0000000, 0x00000000ce180000, 0x00000000eab00000)
  object space 230912K, 98% used [0x00000000c0000000,0x00000000cde5b5d0,0x00000000ce180000)
 Metaspace       used 83397K, committed 84544K, reserved 1179648K
  class space    used 8602K, committed 9088K, reserved 1048576K
}
Event: 2909.270 GC heap before
{Heap before GC invocations=628 (full 17):
 PSYoungGen      total 4096K, used 3360K [0x00000000eab00000, 0x00000000eaf80000, 0x0000000100000000)
  eden space 3072K, 100% used [0x00000000eab00000,0x00000000eae00000,0x00000000eae00000)
  from space 1024K, 28% used [0x00000000eae00000,0x00000000eae48000,0x00000000eaf00000)
  to   space 512K, 0% used [0x00000000eaf00000,0x00000000eaf00000,0x00000000eaf80000)
 ParOldGen       total 230912K, used 227693K [0x00000000c0000000, 0x00000000ce180000, 0x00000000eab00000)
  object space 230912K, 98% used [0x00000000c0000000,0x00000000cde5b5d0,0x00000000ce180000)
 Metaspace       used 83406K, committed 84544K, reserved 1179648K
  class space    used 8602K, committed 9088K, reserved 1048576K
}
Event: 2909.272 GC heap after
{Heap after GC invocations=628 (full 17):
 PSYoungGen      total 3584K, used 496K [0x00000000eab00000, 0x00000000eb000000, 0x0000000100000000)
  eden space 3072K, 0% used [0x00000000eab00000,0x00000000eab00000,0x00000000eae00000)
  from space 512K, 96% used [0x00000000eaf00000,0x00000000eaf7c010,0x00000000eaf80000)
  to   space 1024K, 0% used [0x00000000eae00000,0x00000000eae00000,0x00000000eaf00000)
 ParOldGen       total 230912K, used 227845K [0x00000000c0000000, 0x00000000ce180000, 0x00000000eab00000)
  object space 230912K, 98% used [0x00000000c0000000,0x00000000cde815d0,0x00000000ce180000)
 Metaspace       used 83406K, committed 84544K, reserved 1179648K
  class space    used 8602K, committed 9088K, reserved 1048576K
}
Event: 2909.562 GC heap before
{Heap before GC invocations=629 (full 17):
 PSYoungGen      total 3584K, used 3568K [0x00000000eab00000, 0x00000000eb000000, 0x0000000100000000)
  eden space 3072K, 100% used [0x00000000eab00000,0x00000000eae00000,0x00000000eae00000)
  from space 512K, 96% used [0x00000000eaf00000,0x00000000eaf7c010,0x00000000eaf80000)
  to   space 1024K, 0% used [0x00000000eae00000,0x00000000eae00000,0x00000000eaf00000)
 ParOldGen       total 230912K, used 227845K [0x00000000c0000000, 0x00000000ce180000, 0x00000000eab00000)
  object space 230912K, 98% used [0x00000000c0000000,0x00000000cde815d0,0x00000000ce180000)
 Metaspace       used 83408K, committed 84544K, reserved 1179648K
  class space    used 8602K, committed 9088K, reserved 1048576K
}
Event: 2909.564 GC heap after
{Heap after GC invocations=629 (full 17):
 PSYoungGen      total 4096K, used 1022K [0x00000000eab00000, 0x00000000eb300000, 0x0000000100000000)
  eden space 3072K, 0% used [0x00000000eab00000,0x00000000eab00000,0x00000000eae00000)
  from space 1024K, 99% used [0x00000000eae00000,0x00000000eaeff800,0x00000000eaf00000)
  to   space 2560K, 0% used [0x00000000eb080000,0x00000000eb080000,0x00000000eb300000)
 ParOldGen       total 230912K, used 228938K [0x00000000c0000000, 0x00000000ce180000, 0x00000000eab00000)
  object space 230912K, 99% used [0x00000000c0000000,0x00000000cdf92a70,0x00000000ce180000)
 Metaspace       used 83408K, committed 84544K, reserved 1179648K
  class space    used 8602K, committed 9088K, reserved 1048576K
}
Event: 2909.572 GC heap before
{Heap before GC invocations=630 (full 17):
 PSYoungGen      total 4096K, used 4094K [0x00000000eab00000, 0x00000000eb300000, 0x0000000100000000)
  eden space 3072K, 100% used [0x00000000eab00000,0x00000000eae00000,0x00000000eae00000)
  from space 1024K, 99% used [0x00000000eae00000,0x00000000eaeff800,0x00000000eaf00000)
  to   space 2560K, 0% used [0x00000000eb080000,0x00000000eb080000,0x00000000eb300000)
 ParOldGen       total 230912K, used 228938K [0x00000000c0000000, 0x00000000ce180000, 0x00000000eab00000)
  object space 230912K, 99% used [0x00000000c0000000,0x00000000cdf92a70,0x00000000ce180000)
 Metaspace       used 83408K, committed 84544K, reserved 1179648K
  class space    used 8602K, committed 9088K, reserved 1048576K
}
Event: 2909.574 GC heap after
{Heap after GC invocations=630 (full 17):
 PSYoungGen      total 3584K, used 512K [0x00000000eab00000, 0x00000000eb100000, 0x0000000100000000)
  eden space 3072K, 0% used [0x00000000eab00000,0x00000000eab00000,0x00000000eae00000)
  from space 512K, 100% used [0x00000000eb080000,0x00000000eb100000,0x00000000eb100000)
  to   space 1536K, 0% used [0x00000000eae00000,0x00000000eae00000,0x00000000eaf80000)
 ParOldGen       total 230912K, used 229319K [0x00000000c0000000, 0x00000000ce180000, 0x00000000eab00000)
  object space 230912K, 99% used [0x00000000c0000000,0x00000000cdff1ef0,0x00000000ce180000)
 Metaspace       used 83408K, committed 84544K, reserved 1179648K
  class space    used 8602K, committed 9088K, reserved 1048576K
}
Event: 2910.001 GC heap before
{Heap before GC invocations=631 (full 17):
 PSYoungGen      total 3584K, used 3584K [0x00000000eab00000, 0x00000000eb100000, 0x0000000100000000)
  eden space 3072K, 100% used [0x00000000eab00000,0x00000000eae00000,0x00000000eae00000)
  from space 512K, 100% used [0x00000000eb080000,0x00000000eb100000,0x00000000eb100000)
  to   space 1536K, 0% used [0x00000000eae00000,0x00000000eae00000,0x00000000eaf80000)
 ParOldGen       total 230912K, used 229319K [0x00000000c0000000, 0x00000000ce180000, 0x00000000eab00000)
  object space 230912K, 99% used [0x00000000c0000000,0x00000000cdff1ef0,0x00000000ce180000)
 Metaspace       used 83422K, committed 84544K, reserved 1179648K
  class space    used 8602K, committed 9088K, reserved 1048576K
}
Event: 2910.002 GC heap after
{Heap after GC invocations=631 (full 17):
 PSYoungGen      total 4608K, used 608K [0x00000000eab00000, 0x00000000eb100000, 0x0000000100000000)
  eden space 3072K, 0% used [0x00000000eab00000,0x00000000eab00000,0x00000000eae00000)
  from space 1536K, 39% used [0x00000000eae00000,0x00000000eae98000,0x00000000eaf80000)
  to   space 1024K, 0% used [0x00000000eb000000,0x00000000eb000000,0x00000000eb100000)
 ParOldGen       total 230912K, used 229718K [0x00000000c0000000, 0x00000000ce180000, 0x00000000eab00000)
  object space 230912K, 99% used [0x00000000c0000000,0x00000000ce055bf0,0x00000000ce180000)
 Metaspace       used 83422K, committed 84544K, reserved 1179648K
  class space    used 8602K, committed 9088K, reserved 1048576K
}
Event: 2910.189 GC heap before
{Heap before GC invocations=632 (full 17):
 PSYoungGen      total 4608K, used 3680K [0x00000000eab00000, 0x00000000eb100000, 0x0000000100000000)
  eden space 3072K, 100% used [0x00000000eab00000,0x00000000eae00000,0x00000000eae00000)
  from space 1536K, 39% used [0x00000000eae00000,0x00000000eae98000,0x00000000eaf80000)
  to   space 1024K, 0% used [0x00000000eb000000,0x00000000eb000000,0x00000000eb100000)
 ParOldGen       total 230912K, used 229718K [0x00000000c0000000, 0x00000000ce180000, 0x00000000eab00000)
  object space 230912K, 99% used [0x00000000c0000000,0x00000000ce055bf0,0x00000000ce180000)
 Metaspace       used 83425K, committed 84544K, reserved 1179648K
  class space    used 8602K, committed 9088K, reserved 1048576K
}
Event: 2910.191 GC heap after
{Heap after GC invocations=632 (full 17):
 PSYoungGen      total 4096K, used 656K [0x00000000eab00000, 0x00000000eb100000, 0x0000000100000000)
  eden space 3072K, 0% used [0x00000000eab00000,0x00000000eab00000,0x00000000eae00000)
  from space 1024K, 64% used [0x00000000eb000000,0x00000000eb0a4010,0x00000000eb100000)
  to   space 1024K, 0% used [0x00000000eaf00000,0x00000000eaf00000,0x00000000eb000000)
 ParOldGen       total 230912K, used 230273K [0x00000000c0000000, 0x00000000ce180000, 0x00000000eab00000)
  object space 230912K, 99% used [0x00000000c0000000,0x00000000ce0e0490,0x00000000ce180000)
 Metaspace       used 83425K, committed 84544K, reserved 1179648K
  class space    used 8602K, committed 9088K, reserved 1048576K
}
Event: 2910.575 GC heap before
{Heap before GC invocations=633 (full 17):
 PSYoungGen      total 4096K, used 3728K [0x00000000eab00000, 0x00000000eb100000, 0x0000000100000000)
  eden space 3072K, 100% used [0x00000000eab00000,0x00000000eae00000,0x00000000eae00000)
  from space 1024K, 64% used [0x00000000eb000000,0x00000000eb0a4010,0x00000000eb100000)
  to   space 1024K, 0% used [0x00000000eaf00000,0x00000000eaf00000,0x00000000eb000000)
 ParOldGen       total 230912K, used 230273K [0x00000000c0000000, 0x00000000ce180000, 0x00000000eab00000)
  object space 230912K, 99% used [0x00000000c0000000,0x00000000ce0e0490,0x00000000ce180000)
 Metaspace       used 83449K, committed 84608K, reserved 1179648K
  class space    used 8603K, committed 9088K, reserved 1048576K
}

Dll operation events (11 events):
Event: 0.020 Loaded shared library c:\Users\sasum\.vscode\extensions\redhat.java-1.21.0-win32-x64\jre\17.0.7-win32-x86_64\bin\java.dll
Event: 0.218 Loaded shared library c:\Users\sasum\.vscode\extensions\redhat.java-1.21.0-win32-x64\jre\17.0.7-win32-x86_64\bin\zip.dll
Event: 0.221 Loaded shared library C:\Users\sasum\.vscode\extensions\redhat.java-1.21.0-win32-x64\jre\17.0.7-win32-x86_64\bin\instrument.dll
Event: 0.231 Loaded shared library C:\Users\sasum\.vscode\extensions\redhat.java-1.21.0-win32-x64\jre\17.0.7-win32-x86_64\bin\net.dll
Event: 0.233 Loaded shared library C:\Users\sasum\.vscode\extensions\redhat.java-1.21.0-win32-x64\jre\17.0.7-win32-x86_64\bin\nio.dll
Event: 0.239 Loaded shared library C:\Users\sasum\.vscode\extensions\redhat.java-1.21.0-win32-x64\jre\17.0.7-win32-x86_64\bin\zip.dll
Event: 0.255 Loaded shared library C:\Users\sasum\.vscode\extensions\redhat.java-1.21.0-win32-x64\jre\17.0.7-win32-x86_64\bin\jimage.dll
Event: 0.308 Loaded shared library c:\Users\sasum\.vscode\extensions\redhat.java-1.21.0-win32-x64\jre\17.0.7-win32-x86_64\bin\verify.dll
Event: 4.092 Loaded shared library C:\Users\sasum\AppData\Roaming\Code\User\globalStorage\redhat.java\1.21.0\config_win\org.eclipse.equinox.launcher\org.eclipse.equinox.launcher.win32.win32.x86_64_1.2.700.v20221108-1024\eclipse_11801.dll
Event: 7.633 Loaded shared library C:\Windows\Temp\jna-113631\jna826051863750167131.dll
Event: 10.711 Loaded shared library C:\Users\sasum\.vscode\extensions\redhat.java-1.21.0-win32-x64\jre\17.0.7-win32-x86_64\bin\sunmscapi.dll

Deoptimization events (20 events):
Event: 2849.114 Thread 0x000002711c1eb0a0 DEOPT PACKING pc=0x0000027103dfecbe sp=0x000000d223dfe670
Event: 2849.114 Thread 0x000002711c1eb0a0 DEOPT UNPACKING pc=0x000002710a146e43 sp=0x000000d223dfdbf8 mode 0
Event: 2849.116 Thread 0x0000027125f61db0 DEOPT PACKING pc=0x0000027103dfecbe sp=0x000000d223cfea80
Event: 2849.116 Thread 0x0000027125f61db0 DEOPT UNPACKING pc=0x000002710a146e43 sp=0x000000d223cfe008 mode 0
Event: 2849.116 Thread 0x000002711c1ef8d0 Uncommon trap: trap_request=0xffffffc6 fr.pc=0x000002710aac9cac relative=0x000000000000018c
Event: 2849.116 Thread 0x000002711c1ef8d0 Uncommon trap: reason=bimorphic_or_optimized_type_check action=maybe_recompile pc=0x000002710aac9cac method=org.eclipse.jdt.internal.core.Openable.resource()Lorg/eclipse/core/resources/IResource; @ 10 c2
Event: 2849.116 Thread 0x000002711c1ef8d0 DEOPT PACKING pc=0x000002710aac9cac sp=0x000000d225cfded0
Event: 2849.117 Thread 0x000002711c1ef8d0 DEOPT UNPACKING pc=0x000002710a1466a3 sp=0x000000d225cfde70 mode 2
Event: 2849.296 Thread 0x0000027125f60f40 DEOPT PACKING pc=0x000002710433fd6b sp=0x000000d225afea40
Event: 2849.296 Thread 0x0000027125f60f40 DEOPT UNPACKING pc=0x000002710a146e43 sp=0x000000d225afdf68 mode 0
Event: 2852.647 Thread 0x000002711c1ef8d0 DEOPT PACKING pc=0x0000027103caf9ef sp=0x000000d225cfdb00
Event: 2852.647 Thread 0x000002711c1ef8d0 DEOPT UNPACKING pc=0x000002710a146e43 sp=0x000000d225cfcfd0 mode 0
Event: 2908.146 Thread 0x000002711c1ef8d0 DEOPT PACKING pc=0x0000027103ed0ac3 sp=0x000000d225cfdc40
Event: 2908.146 Thread 0x000002711c1ef8d0 DEOPT UNPACKING pc=0x000002710a146e43 sp=0x000000d225cfd168 mode 0
Event: 2909.568 Thread 0x000002711c1ef8d0 DEOPT PACKING pc=0x0000027103dfec55 sp=0x000000d225cfe7c0
Event: 2909.568 Thread 0x000002711c1ef8d0 DEOPT UNPACKING pc=0x000002710a146e43 sp=0x000000d225cfdd48 mode 0
Event: 2910.343 Thread 0x000002711c1ef8d0 Uncommon trap: trap_request=0xffffffde fr.pc=0x000002710b1d6118 relative=0x0000000000001178
Event: 2910.343 Thread 0x000002711c1ef8d0 Uncommon trap: reason=class_check action=maybe_recompile pc=0x000002710b1d6118 method=org.eclipse.jdt.internal.compiler.parser.Parser.consumeRule(I)V @ 5107 c2
Event: 2910.343 Thread 0x000002711c1ef8d0 DEOPT PACKING pc=0x000002710b1d6118 sp=0x000000d225cfd990
Event: 2910.343 Thread 0x000002711c1ef8d0 DEOPT UNPACKING pc=0x000002710a1466a3 sp=0x000000d225cfd920 mode 2

Classes unloaded (20 events):
Event: 2376.588 Thread 0x000002717e99ec70 Unloading class 0x00000001001cc000 'java/lang/invoke/LambdaForm$MH+0x00000001001cc000'
Event: 2376.588 Thread 0x000002717e99ec70 Unloading class 0x00000001001a1800 'java/lang/invoke/LambdaForm$MH+0x00000001001a1800'
Event: 2376.588 Thread 0x000002717e99ec70 Unloading class 0x00000001001a1400 'java/lang/invoke/LambdaForm$MH+0x00000001001a1400'
Event: 2376.588 Thread 0x000002717e99ec70 Unloading class 0x00000001001a1000 'java/lang/invoke/LambdaForm$MH+0x00000001001a1000'
Event: 2376.588 Thread 0x000002717e99ec70 Unloading class 0x00000001001a0c00 'java/lang/invoke/LambdaForm$MH+0x00000001001a0c00'
Event: 2376.588 Thread 0x000002717e99ec70 Unloading class 0x00000001001a0800 'java/lang/invoke/LambdaForm$MH+0x00000001001a0800'
Event: 2376.588 Thread 0x000002717e99ec70 Unloading class 0x00000001001a0400 'java/lang/invoke/LambdaForm$MH+0x00000001001a0400'
Event: 2376.588 Thread 0x000002717e99ec70 Unloading class 0x00000001001a0000 'java/lang/invoke/LambdaForm$MH+0x00000001001a0000'
Event: 2376.588 Thread 0x000002717e99ec70 Unloading class 0x000000010019cc00 'java/lang/invoke/LambdaForm$MH+0x000000010019cc00'
Event: 2376.588 Thread 0x000002717e99ec70 Unloading class 0x000000010019c400 'java/lang/invoke/LambdaForm$MH+0x000000010019c400'
Event: 2376.588 Thread 0x000002717e99ec70 Unloading class 0x000000010019bc00 'java/lang/invoke/LambdaForm$MH+0x000000010019bc00'
Event: 2376.588 Thread 0x000002717e99ec70 Unloading class 0x000000010019b800 'java/lang/invoke/LambdaForm$MH+0x000000010019b800'
Event: 2376.588 Thread 0x000002717e99ec70 Unloading class 0x000000010019b000 'java/lang/invoke/LambdaForm$MH+0x000000010019b000'
Event: 2376.588 Thread 0x000002717e99ec70 Unloading class 0x000000010019ac00 'java/lang/invoke/LambdaForm$MH+0x000000010019ac00'
Event: 2376.588 Thread 0x000002717e99ec70 Unloading class 0x000000010019a400 'java/lang/invoke/LambdaForm$MH+0x000000010019a400'
Event: 2376.588 Thread 0x000002717e99ec70 Unloading class 0x0000000100129000 'jdk/internal/reflect/GeneratedMethodAccessor5'
Event: 2376.588 Thread 0x000002717e99ec70 Unloading class 0x0000000100128c00 'jdk/internal/reflect/GeneratedMethodAccessor4'
Event: 2376.588 Thread 0x000002717e99ec70 Unloading class 0x0000000100128800 'jdk/internal/reflect/GeneratedMethodAccessor3'
Event: 2376.588 Thread 0x000002717e99ec70 Unloading class 0x0000000100128400 'jdk/internal/reflect/GeneratedMethodAccessor2'
Event: 2376.588 Thread 0x000002717e99ec70 Unloading class 0x0000000100128000 'jdk/internal/reflect/GeneratedMethodAccessor1'

Classes redefined (0 events):
No events

Internal exceptions (20 events):
Event: 2746.073 Thread 0x000002711a3c5880 Exception <a 'sun/nio/fs/WindowsException'{0x00000000eabf0710}> (0x00000000eabf0710) 
thrown [s\src\hotspot\share\prims\jni.cpp, line 516]
Event: 2746.174 Thread 0x000002711a3c5880 Exception <a 'sun/nio/fs/WindowsException'{0x00000000eabfbb38}> (0x00000000eabfbb38) 
thrown [s\src\hotspot\share\prims\jni.cpp, line 516]
Event: 2841.388 Thread 0x000002711c1ef8d0 Exception <a 'java/lang/NoSuchMethodError'{0x00000000eac050f8}: 'java.lang.Object java.lang.invoke.DirectMethodHandle$Holder.invokeStatic(java.lang.Object, int, java.lang.Object)'> (0x00000000eac050f8) 
thrown [s\src\hotspot\share\interpreter\linkResolver.cpp, line 759]
Event: 2841.439 Thread 0x000002711a3c5880 Exception <a 'sun/nio/fs/WindowsException'{0x00000000eac7def8}> (0x00000000eac7def8) 
thrown [s\src\hotspot\share\prims\jni.cpp, line 516]
Event: 2841.536 Thread 0x000002711a3c5880 Exception <a 'sun/nio/fs/WindowsException'{0x00000000eac0f960}> (0x00000000eac0f960) 
thrown [s\src\hotspot\share\prims\jni.cpp, line 516]
Event: 2841.778 Thread 0x0000027125f61db0 Implicit null exception at 0x000002710abbfdf2 to 0x000002710abc02b8
Event: 2841.795 Thread 0x000002711c1ef8d0 Implicit null exception at 0x000002710ab37e0a to 0x000002710ab387e8
Event: 2841.795 Thread 0x000002711c1ef8d0 Implicit null exception at 0x000002710aab5e4c to 0x000002710aab5f90
Event: 2841.812 Thread 0x000002711c1eb0a0 Implicit null exception at 0x000002710ab790f5 to 0x000002710ab79628
Event: 2841.814 Thread 0x000002711c1ef8d0 Implicit null exception at 0x00000271041ffe56 to 0x00000271042003bc
Event: 2841.814 Thread 0x000002711c1ef8d0 Exception <a 'java/lang/NullPointerException'{0x00000000eabe5e48}> (0x00000000eabe5e48) 
thrown [s\src\hotspot\share\runtime\sharedRuntime.cpp, line 628]
Event: 2841.814 Thread 0x000002711c1ef8d0 Implicit null exception at 0x00000271041ffe56 to 0x00000271042003bc
Event: 2841.814 Thread 0x000002711c1ef8d0 Exception <a 'java/lang/NullPointerException'{0x00000000eabe6120}> (0x00000000eabe6120) 
thrown [s\src\hotspot\share\runtime\sharedRuntime.cpp, line 628]
Event: 2841.842 Thread 0x000002711c1eb0a0 Exception <a 'java/lang/ClassNotFoundException'{0x00000000eac87468}: sun/net/www/protocol/jdt/Handler> (0x00000000eac87468) 
thrown [s\src\hotspot\share\classfile\systemDictionary.cpp, line 256]
Event: 2844.753 Thread 0x000002711a3c5880 Exception <a 'sun/nio/fs/WindowsException'{0x00000000ead4e980}> (0x00000000ead4e980) 
thrown [s\src\hotspot\share\prims\jni.cpp, line 516]
Event: 2844.830 Thread 0x000002711a3c5880 Exception <a 'sun/nio/fs/WindowsException'{0x00000000eabc0460}> (0x00000000eabc0460) 
thrown [s\src\hotspot\share\prims\jni.cpp, line 516]
Event: 2853.314 Thread 0x000002711a3c5880 Exception <a 'sun/nio/fs/WindowsException'{0x00000000eac37d98}> (0x00000000eac37d98) 
thrown [s\src\hotspot\share\prims\jni.cpp, line 516]
Event: 2853.407 Thread 0x000002711a3c5880 Exception <a 'sun/nio/fs/WindowsException'{0x00000000eab09ec0}> (0x00000000eab09ec0) 
thrown [s\src\hotspot\share\prims\jni.cpp, line 516]
Event: 2909.552 Thread 0x000002711a3c4070 Exception <a 'java/lang/ArrayIndexOutOfBoundsException'{0x00000000eabe6cd0}> (0x00000000eabe6cd0) 
thrown [s\src\hotspot\share\runtime\sharedRuntime.cpp, line 628]
Event: 2909.555 Thread 0x000002711a3c4070 Exception <a 'java/lang/ArrayIndexOutOfBoundsException'{0x00000000eac8bf48}> (0x00000000eac8bf48) 
thrown [s\src\hotspot\share\runtime\sharedRuntime.cpp, line 628]

VM Operations (20 events):
Event: 2885.111 Executing VM operation: Cleanup done
Event: 2893.176 Executing VM operation: Cleanup
Event: 2893.176 Executing VM operation: Cleanup done
Event: 2908.146 Executing VM operation: ParallelGCFailedAllocation
Event: 2908.148 Executing VM operation: ParallelGCFailedAllocation done
Event: 2908.971 Executing VM operation: ParallelGCFailedAllocation
Event: 2908.973 Executing VM operation: ParallelGCFailedAllocation done
Event: 2909.261 Executing VM operation: ParallelGCFailedAllocation
Event: 2909.263 Executing VM operation: ParallelGCFailedAllocation done
Event: 2909.270 Executing VM operation: ParallelGCFailedAllocation
Event: 2909.272 Executing VM operation: ParallelGCFailedAllocation done
Event: 2909.562 Executing VM operation: ParallelGCFailedAllocation
Event: 2909.564 Executing VM operation: ParallelGCFailedAllocation done
Event: 2909.572 Executing VM operation: ParallelGCFailedAllocation
Event: 2909.574 Executing VM operation: ParallelGCFailedAllocation done
Event: 2910.000 Executing VM operation: ParallelGCFailedAllocation
Event: 2910.002 Executing VM operation: ParallelGCFailedAllocation done
Event: 2910.189 Executing VM operation: ParallelGCFailedAllocation
Event: 2910.191 Executing VM operation: ParallelGCFailedAllocation done
Event: 2910.575 Executing VM operation: ParallelGCFailedAllocation

Events (20 events):
Event: 2802.811 Thread 0x0000027125f64dd0 Thread added: 0x0000027125f64dd0
Event: 2802.812 Thread 0x0000027125f64dd0 Thread exited: 0x0000027125f64dd0
Event: 2802.812 Thread 0x0000027125f63f60 Thread exited: 0x0000027125f63f60
Event: 2802.812 Thread 0x0000027125f61db0 Thread exited: 0x0000027125f61db0
Event: 2807.190 Thread 0x000002711c1f0740 Thread exited: 0x000002711c1f0740
Event: 2816.935 Thread 0x0000027125f61db0 Thread added: 0x0000027125f61db0
Event: 2838.794 Thread 0x000002711c1ed720 Thread exited: 0x000002711c1ed720
Event: 2841.549 Thread 0x0000027125f62280 Thread added: 0x0000027125f62280
Event: 2841.554 Thread 0x0000027125f62280 Thread exited: 0x0000027125f62280
Event: 2841.797 Thread 0x00000271242e4550 Thread added: 0x00000271242e4550
Event: 2842.043 Thread 0x00000271242e4550 Thread exited: 0x00000271242e4550
Event: 2844.853 Thread 0x0000027125f64dd0 Thread added: 0x0000027125f64dd0
Event: 2844.862 Thread 0x0000027125f65770 Thread added: 0x0000027125f65770
Event: 2844.863 Thread 0x0000027125f64dd0 Thread exited: 0x0000027125f64dd0
Event: 2846.039 Thread 0x0000027125f66ab0 Thread added: 0x0000027125f66ab0
Event: 2846.045 Thread 0x0000027125f66ab0 Thread exited: 0x0000027125f66ab0
Event: 2849.072 Thread 0x00000271242e68c0 Thread added: 0x00000271242e68c0
Event: 2849.565 Thread 0x00000271242e68c0 Thread exited: 0x00000271242e68c0
Event: 2853.416 Thread 0x0000027125f62280 Thread added: 0x0000027125f62280
Event: 2853.422 Thread 0x0000027125f62280 Thread exited: 0x0000027125f62280


Dynamic libraries:
0x00007ff7630f0000 - 0x00007ff7630fe000 	c:\Users\sasum\.vscode\extensions\redhat.java-1.21.0-win32-x64\jre\17.0.7-win32-x86_64\bin\java.exe
0x00007ffe4be30000 - 0x00007ffe4c044000 	C:\WINDOWS\SYSTEM32\ntdll.dll
0x00007ffe4b740000 - 0x00007ffe4b802000 	C:\WINDOWS\System32\KERNEL32.DLL
0x00007ffe497a0000 - 0x00007ffe49b43000 	C:\WINDOWS\System32\KERNELBASE.dll
0x00007ffe49460000 - 0x00007ffe49571000 	C:\WINDOWS\System32\ucrtbase.dll
0x00007ffdc74d0000 - 0x00007ffdc74e7000 	c:\Users\sasum\.vscode\extensions\redhat.java-1.21.0-win32-x64\jre\17.0.7-win32-x86_64\bin\jli.dll
0x00007ffe49e20000 - 0x00007ffe49fca000 	C:\WINDOWS\System32\USER32.dll
0x00007ffe49770000 - 0x00007ffe49796000 	C:\WINDOWS\System32\win32u.dll
0x00007ffe4b930000 - 0x00007ffe4b959000 	C:\WINDOWS\System32\GDI32.dll
0x00007ffe49230000 - 0x00007ffe49349000 	C:\WINDOWS\System32\gdi32full.dll
0x00007ffdc74b0000 - 0x00007ffdc74c9000 	c:\Users\sasum\.vscode\extensions\redhat.java-1.21.0-win32-x64\jre\17.0.7-win32-x86_64\bin\VCRUNTIME140.dll
0x00007ffe49350000 - 0x00007ffe493ea000 	C:\WINDOWS\System32\msvcp_win.dll
0x00007ffe32120000 - 0x00007ffe323ae000 	C:\WINDOWS\WinSxS\amd64_microsoft.windows.common-controls_6595b64144ccf1df_6.0.22621.1635_none_270f70857386168e\COMCTL32.dll
0x00007ffe4b430000 - 0x00007ffe4b4d7000 	C:\WINDOWS\System32\msvcrt.dll
0x00007ffe4a6d0000 - 0x00007ffe4a701000 	C:\WINDOWS\System32\IMM32.DLL
0x00007ffdcade0000 - 0x00007ffdcadec000 	c:\Users\sasum\.vscode\extensions\redhat.java-1.21.0-win32-x64\jre\17.0.7-win32-x86_64\bin\vcruntime140_1.dll
0x00007ffdc73d0000 - 0x00007ffdc7461000 	c:\Users\sasum\.vscode\extensions\redhat.java-1.21.0-win32-x64\jre\17.0.7-win32-x86_64\bin\msvcp140.dll
0x00007ffdc6780000 - 0x00007ffdc73c8000 	c:\Users\sasum\.vscode\extensions\redhat.java-1.21.0-win32-x64\jre\17.0.7-win32-x86_64\bin\server\jvm.dll
0x00007ffe4a610000 - 0x00007ffe4a6be000 	C:\WINDOWS\System32\ADVAPI32.dll
0x00007ffe4aa00000 - 0x00007ffe4aaa4000 	C:\WINDOWS\System32\sechost.dll
0x00007ffe4b810000 - 0x00007ffe4b927000 	C:\WINDOWS\System32\RPCRT4.dll
0x00007ffe357b0000 - 0x00007ffe357b9000 	C:\WINDOWS\SYSTEM32\WSOCK32.dll
0x00007ffe4b340000 - 0x00007ffe4b3b1000 	C:\WINDOWS\System32\WS2_32.dll
0x00007ffe42190000 - 0x00007ffe421c4000 	C:\WINDOWS\SYSTEM32\WINMM.dll
0x00007ffe3ef90000 - 0x00007ffe3ef9a000 	C:\WINDOWS\SYSTEM32\VERSION.dll
0x00007ffe481f0000 - 0x00007ffe48208000 	C:\WINDOWS\SYSTEM32\kernel.appcore.dll
0x00007ffdc6770000 - 0x00007ffdc677a000 	c:\Users\sasum\.vscode\extensions\redhat.java-1.21.0-win32-x64\jre\17.0.7-win32-x86_64\bin\jimage.dll
0x00007ffe37dc0000 - 0x00007ffe37fee000 	C:\WINDOWS\SYSTEM32\DBGHELP.DLL
0x00007ffe4a0d0000 - 0x00007ffe4a459000 	C:\WINDOWS\System32\combase.dll
0x00007ffe4a8e0000 - 0x00007ffe4a9b7000 	C:\WINDOWS\System32\OLEAUT32.dll
0x00007ffe374c0000 - 0x00007ffe374f2000 	C:\WINDOWS\SYSTEM32\dbgcore.DLL
0x00007ffe496f0000 - 0x00007ffe4976a000 	C:\WINDOWS\System32\bcryptPrimitives.dll
0x00007ffdc6760000 - 0x00007ffdc676e000 	c:\Users\sasum\.vscode\extensions\redhat.java-1.21.0-win32-x64\jre\17.0.7-win32-x86_64\bin\instrument.dll
0x00007ffdc6730000 - 0x00007ffdc6755000 	c:\Users\sasum\.vscode\extensions\redhat.java-1.21.0-win32-x64\jre\17.0.7-win32-x86_64\bin\java.dll
0x00007ffdc6710000 - 0x00007ffdc6728000 	c:\Users\sasum\.vscode\extensions\redhat.java-1.21.0-win32-x64\jre\17.0.7-win32-x86_64\bin\zip.dll
0x00007ffe4aab0000 - 0x00007ffe4b2a9000 	C:\WINDOWS\System32\SHELL32.dll
0x00007ffe471d0000 - 0x00007ffe47a9e000 	C:\WINDOWS\SYSTEM32\windows.storage.dll
0x00007ffe47090000 - 0x00007ffe471ce000 	C:\WINDOWS\SYSTEM32\wintypes.dll
0x00007ffe4b590000 - 0x00007ffe4b681000 	C:\WINDOWS\System32\SHCORE.dll
0x00007ffe4b690000 - 0x00007ffe4b6ee000 	C:\WINDOWS\System32\shlwapi.dll
0x00007ffe49160000 - 0x00007ffe49186000 	C:\WINDOWS\SYSTEM32\profapi.dll
0x00007ffdc78d0000 - 0x00007ffdc78e9000 	C:\Users\sasum\.vscode\extensions\redhat.java-1.21.0-win32-x64\jre\17.0.7-win32-x86_64\bin\net.dll
0x00007ffe41820000 - 0x00007ffe41957000 	C:\WINDOWS\SYSTEM32\WINHTTP.dll
0x00007ffe486d0000 - 0x00007ffe48739000 	C:\WINDOWS\system32\mswsock.dll
0x00007ffdc78b0000 - 0x00007ffdc78c5000 	C:\Users\sasum\.vscode\extensions\redhat.java-1.21.0-win32-x64\jre\17.0.7-win32-x86_64\bin\nio.dll
0x00007ffdc78a0000 - 0x00007ffdc78b0000 	c:\Users\sasum\.vscode\extensions\redhat.java-1.21.0-win32-x64\jre\17.0.7-win32-x86_64\bin\verify.dll
0x00007ffe268b0000 - 0x00007ffe268ee000 	C:\Users\sasum\AppData\Roaming\Code\User\globalStorage\redhat.java\1.21.0\config_win\org.eclipse.equinox.launcher\org.eclipse.equinox.launcher.win32.win32.x86_64_1.2.700.v20221108-1024\eclipse_11801.dll
0x00007ffe4a460000 - 0x00007ffe4a5fc000 	C:\WINDOWS\System32\ole32.dll
0x00007ffe489d0000 - 0x00007ffe489eb000 	C:\WINDOWS\SYSTEM32\CRYPTSP.dll
0x00007ffe481b0000 - 0x00007ffe481e5000 	C:\WINDOWS\system32\rsaenh.dll
0x00007ffe48860000 - 0x00007ffe4888c000 	C:\WINDOWS\SYSTEM32\USERENV.dll
0x00007ffe48b90000 - 0x00007ffe48bb8000 	C:\WINDOWS\SYSTEM32\bcrypt.dll
0x00007ffe489c0000 - 0x00007ffe489cc000 	C:\WINDOWS\SYSTEM32\CRYPTBASE.dll
0x00007ffe47d40000 - 0x00007ffe47d6d000 	C:\WINDOWS\SYSTEM32\IPHLPAPI.DLL
0x00007ffe4a8d0000 - 0x00007ffe4a8d9000 	C:\WINDOWS\System32\NSI.dll
0x00007ffe420a0000 - 0x00007ffe420b9000 	C:\WINDOWS\SYSTEM32\dhcpcsvc6.DLL
0x00007ffe42080000 - 0x00007ffe4209f000 	C:\WINDOWS\SYSTEM32\dhcpcsvc.DLL
0x00007ffe47d70000 - 0x00007ffe47e63000 	C:\WINDOWS\SYSTEM32\DNSAPI.dll
0x00007ffe26810000 - 0x00007ffe26855000 	C:\Windows\Temp\jna-113631\jna826051863750167131.dll
0x00007ffe4a6c0000 - 0x00007ffe4a6c8000 	C:\WINDOWS\System32\PSAPI.DLL
0x00007ffe42200000 - 0x00007ffe4220e000 	C:\Users\sasum\.vscode\extensions\redhat.java-1.21.0-win32-x64\jre\17.0.7-win32-x86_64\bin\sunmscapi.dll
0x00007ffe49580000 - 0x00007ffe496e7000 	C:\WINDOWS\System32\CRYPT32.dll
0x00007ffe48b50000 - 0x00007ffe48b7e000 	C:\WINDOWS\SYSTEM32\ncrypt.dll
0x00007ffe48b10000 - 0x00007ffe48b47000 	C:\WINDOWS\SYSTEM32\NTASN1.dll
0x00000000635d0000 - 0x00000000635f6000 	C:\Program Files\Bonjour\mdnsNSP.dll
0x00007ffe3b5a0000 - 0x00007ffe3b5aa000 	C:\Windows\System32\rasadhlp.dll
0x00007ffe401a0000 - 0x00007ffe40224000 	C:\WINDOWS\System32\fwpuclnt.dll

dbghelp: loaded successfully - version: 4.0.5 - missing functions: none
symbol engine: initialized successfully - sym options: 0x614 - pdb path: .;c:\Users\sasum\.vscode\extensions\redhat.java-1.21.0-win32-x64\jre\17.0.7-win32-x86_64\bin;C:\WINDOWS\SYSTEM32;C:\WINDOWS\WinSxS\amd64_microsoft.windows.common-controls_6595b64144ccf1df_6.0.22621.1635_none_270f70857386168e;c:\Users\sasum\.vscode\extensions\redhat.java-1.21.0-win32-x64\jre\17.0.7-win32-x86_64\bin\server;C:\Users\sasum\AppData\Roaming\Code\User\globalStorage\redhat.java\1.21.0\config_win\org.eclipse.equinox.launcher\org.eclipse.equinox.launcher.win32.win32.x86_64_1.2.700.v20221108-1024;C:\Windows\Temp\jna-113631;C:\Program Files\Bonjour

VM Arguments:
jvm_args: --add-modules=ALL-SYSTEM --add-opens=java.base/java.util=ALL-UNNAMED --add-opens=java.base/java.lang=ALL-UNNAMED --add-opens=java.base/sun.nio.fs=ALL-UNNAMED -Declipse.application=org.eclipse.jdt.ls.core.id1 -Dosgi.bundles.defaultStartLevel=4 -Declipse.product=org.eclipse.jdt.ls.core.product -Djava.import.generatesMetadataFilesAtProjectRoot=false -Dfile.encoding=utf8 -XX:+UseParallelGC -XX:GCTimeRatio=4 -XX:AdaptiveSizePolicyWeight=90 -Dsun.zip.disableMemoryMapping=true -Xmx1G -Xms100m -Xlog:disable -javaagent:c:\Users\sasum\.vscode\extensions\redhat.java-1.21.0-win32-x64\lombok\lombok-1.18.28.jar -XX:+HeapDumpOnOutOfMemoryError -XX:HeapDumpPath=c:\Users\sasum\AppData\Roaming\Code\User\workspaceStorage\4b2cd99fd2231ba19e21ee1c48f3bde1\redhat.java -Daether.dependencyCollector.impl=bf 
java_command: c:\Users\sasum\.vscode\extensions\redhat.java-1.21.0-win32-x64\server\plugins\org.eclipse.equinox.launcher_1.6.500.v20230717-2134.jar -configuration c:\Users\sasum\AppData\Roaming\Code\User\globalStorage\redhat.java\1.21.0\config_win -data c:\Users\sasum\AppData\Roaming\Code\User\workspaceStorage\4b2cd99fd2231ba19e21ee1c48f3bde1\redhat.java\jdt_ws
java_class_path (initial): c:\Users\sasum\.vscode\extensions\redhat.java-1.21.0-win32-x64\server\plugins\org.eclipse.equinox.launcher_1.6.500.v20230717-2134.jar
Launcher Type: SUN_STANDARD

[Global flags]
    uintx AdaptiveSizePolicyWeight                 = 90                                        {product} {command line}
     intx CICompilerCount                          = 3                                         {product} {ergonomic}
    uintx GCTimeRatio                              = 4                                         {product} {command line}
     bool HeapDumpOnOutOfMemoryError               = true                                   {manageable} {command line}
    ccstr HeapDumpPath                             = c:\Users\sasum\AppData\Roaming\Code\User\workspaceStorage\4b2cd99fd2231ba19e21ee1c48f3bde1\redhat.java         {manageable} {command line}
   size_t InitialHeapSize                          = 104857600                                 {product} {command line}
   size_t MaxHeapSize                              = 1073741824                                {product} {command line}
   size_t MaxNewSize                               = 357564416                                 {product} {ergonomic}
   size_t MinHeapDeltaBytes                        = 524288                                    {product} {ergonomic}
   size_t MinHeapSize                              = 104857600                                 {product} {command line}
   size_t NewSize                                  = 34603008                                  {product} {ergonomic}
    uintx NonNMethodCodeHeapSize                   = 5832780                                {pd product} {ergonomic}
    uintx NonProfiledCodeHeapSize                  = 122912730                              {pd product} {ergonomic}
   size_t OldSize                                  = 70254592                                  {product} {ergonomic}
    uintx ProfiledCodeHeapSize                     = 122912730                              {pd product} {ergonomic}
    uintx ReservedCodeCacheSize                    = 251658240                              {pd product} {ergonomic}
     bool SegmentedCodeCache                       = true                                      {product} {ergonomic}
   size_t SoftMaxHeapSize                          = 1073741824                             {manageable} {ergonomic}
     bool UseCompressedClassPointers               = true                           {product lp64_product} {ergonomic}
     bool UseCompressedOops                        = true                           {product lp64_product} {ergonomic}
     bool UseLargePagesIndividualAllocation        = false                                  {pd product} {ergonomic}
     bool UseParallelGC                            = true                                      {product} {command line}

Logging:
Log output configuration:
 #0: stdout all=off uptime,level,tags
 #1: stderr all=off uptime,level,tags

Environment Variables:
JAVA_HOME=C:\Program Files\Java\jdk-17
PATH=C:\Program Files\Microsoft\jdk-11.0.18.10-hotspot\bin;C:\Program Files\Common Files\Oracle\Java\javapath;C:\WINDOWS\system32;C:\WINDOWS;C:\WINDOWS\System32\Wbem;C:\WINDOWS\System32\WindowsPowerShell\v1.0\;C:\WINDOWS\System32\OpenSSH\;C:\ProgramData\chocolatey\bin;C:\Program Files\Git\cmd;C:\Users\sasum\AppData\Local\Microsoft\WindowsApps;C:\Users\sasum\AppData\Local\Programs\Microsoft VS Code\bin;C:\Users\sasum\AppData\Roaming\npm;C:\flutter\bin;C:\adb;C:\ProgramData\ComposerSetup\bin;C:\Program Files\Java\jdk-17;C:\Program Files\nodejs\;C:\Program Files\Amazon\AWSSAMCLI\bin\;C:\Program Files\Docker\Docker\resources\bin;C:\Users\sasum\AppData\Local\Microsoft\WindowsApps;C:\Users\sasum\AppData\Local\Programs\Microsoft VS Code\bin;C:\xampp\php;C:\Users\sasum\AppData\Roaming\Composer\vendor\bin;C:\Program Files\Java\jdk-17\bin;C:\flutter alieses;C:\Users\sasum\AppData\Roaming\npm
USERNAME=sam
OS=Windows_NT
PROCESSOR_IDENTIFIER=AMD64 Family 23 Model 96 Stepping 1, AuthenticAMD
TMP=C:\WINDOWS\TEMP
TEMP=C:\Users\sasum\AppData\Local\Temp



---------------  S Y S T E M  ---------------

OS:
 Windows 11 , 64 bit Build 22621 (10.0.22621.1928)
OS uptime: 0 days 0:49 hours
Hyper-V role detected

CPU: total 6 (initial active 6) (6 cores per cpu, 1 threads per core) family 23 model 96 stepping 1 microcode 0x0, cx8, cmov, fxsr, mmx, 3dnowpref, sse, sse2, sse3, ssse3, sse4a, sse4.1, sse4.2, popcnt, lzcnt, tsc, tscinvbit, avx, avx2, aes, clmul, bmi1, bmi2, adx, sha, fma, vzeroupper, clflush, clflushopt, hv

Memory: 4k page, system-wide physical 7579M (1610M free)
TotalPageFile size 21403M (AvailPageFile size 12742M)
current process WorkingSet (physical memory assigned to process): 605M, peak: 726M
current process commit charge ("private bytes"): 517M, peak: 690M

vm_info: OpenJDK 64-Bit Server VM (17.0.7+7) for windows-amd64 JRE (17.0.7+7), built on Apr 18 2023 22:10:42 by "temurin" with MS VC++ 16.7 (VS2019)

END.
